# JRE version: OpenJDK Runtime Environment (21.0.6) (build 21.0.6+-13368085-b895.109)
# Java VM: OpenJDK 64-Bit Server VM (21.0.6+-13368085-b895.109, mixed mode, tiered, compressed oops, compressed class ptrs, g1 gc, windows-amd64)
GC Precious Log:
 CardTable entry size: 512
 Card Set container configuration: InlinePtr #cards 5 size 8 Array Of Cards #cards 12 size 40 Howl #buckets 4 coarsen threshold 1843 Howl Bitmap #cards 512 size 80 coarsen threshold 460 Card regions per heap region 1 cards per card region 2048
 CPUs: 20 total, 20 available
 Memory: 16108M
 Large Page Support: Disabled
 NUMA Support: Disabled
 Compressed Oops: Enabled (32-bit)
 Heap Region Size: 1M
 Heap Min Capacity: 8M
 Heap Initial Capacity: 252M
 Heap Max Capacity: 2G
 Pre-touch: Disabled
 Parallel Workers: 15
 Concurrent Workers: 4
 Concurrent Refinement Workers: 15
 Periodic GC: Disabled
Heap:
 garbage-first heap   total 270336K, used 205665K [0x0000000080000000, 0x0000000100000000)
  region size 1024K, 50 young (51200K), 5 survivors (5120K)
 Metaspace       used 121330K, committed 123648K, reserved 1179648K
  class space    used 16205K, committed 17344K, reserved 1048576K
GC Heap History (20 events):
Event: 8.460 GC heap before
{Heap before GC invocations=25 (full 0):
 garbage-first heap   total 167936K, used 149787K [0x0000000080000000, 0x0000000100000000)
  region size 1024K, 49 young (50176K), 7 survivors (7168K)
 Metaspace       used 80643K, committed 82432K, reserved 1179648K
  class space    used 10815K, committed 11712K, reserved 1048576K
}
Event: 8.463 GC heap after
{Heap after GC invocations=26 (full 0):
 garbage-first heap   total 167936K, used 108709K [0x0000000080000000, 0x0000000100000000)
  region size 1024K, 2 young (2048K), 2 survivors (2048K)
 Metaspace       used 80643K, committed 82432K, reserved 1179648K
  class space    used 10815K, committed 11712K, reserved 1048576K
}
Event: 8.833 GC heap before
{Heap before GC invocations=27 (full 0):
 garbage-first heap   total 183296K, used 156837K [0x0000000080000000, 0x0000000100000000)
  region size 1024K, 45 young (46080K), 2 survivors (2048K)
 Metaspace       used 84941K, committed 86848K, reserved 1179648K
  class space    used 11430K, committed 12352K, reserved 1048576K
}
Event: 8.836 GC heap after
{Heap after GC invocations=28 (full 0):
 garbage-first heap   total 220160K, used 117759K [0x0000000080000000, 0x0000000100000000)
  region size 1024K, 6 young (6144K), 6 survivors (6144K)
 Metaspace       used 84941K, committed 86848K, reserved 1179648K
  class space    used 11430K, committed 12352K, reserved 1048576K
}
Event: 9.581 GC heap before
{Heap before GC invocations=28 (full 0):
 garbage-first heap   total 220160K, used 193535K [0x0000000080000000, 0x0000000100000000)
  region size 1024K, 79 young (80896K), 6 survivors (6144K)
 Metaspace       used 90098K, committed 92032K, reserved 1179648K
  class space    used 12086K, committed 13056K, reserved 1048576K
}
Event: 9.584 GC heap after
{Heap after GC invocations=29 (full 0):
 garbage-first heap   total 220160K, used 119468K [0x0000000080000000, 0x0000000100000000)
  region size 1024K, 9 young (9216K), 9 survivors (9216K)
 Metaspace       used 90098K, committed 92032K, reserved 1179648K
  class space    used 12086K, committed 13056K, reserved 1048576K
}
Event: 10.048 GC heap before
{Heap before GC invocations=29 (full 0):
 garbage-first heap   total 220160K, used 191148K [0x0000000080000000, 0x0000000100000000)
  region size 1024K, 80 young (81920K), 9 survivors (9216K)
 Metaspace       used 92780K, committed 94784K, reserved 1179648K
  class space    used 12443K, committed 13440K, reserved 1048576K
}
Event: 10.053 GC heap after
{Heap after GC invocations=30 (full 0):
 garbage-first heap   total 220160K, used 124579K [0x0000000080000000, 0x0000000100000000)
  region size 1024K, 10 young (10240K), 10 survivors (10240K)
 Metaspace       used 92780K, committed 94784K, reserved 1179648K
  class space    used 12443K, committed 13440K, reserved 1048576K
}
Event: 10.807 GC heap before
{Heap before GC invocations=31 (full 0):
 garbage-first heap   total 220160K, used 197283K [0x0000000080000000, 0x0000000100000000)
  region size 1024K, 81 young (82944K), 10 survivors (10240K)
 Metaspace       used 98611K, committed 100736K, reserved 1179648K
  class space    used 13407K, committed 14464K, reserved 1048576K
}
Event: 10.811 GC heap after
{Heap after GC invocations=32 (full 0):
 garbage-first heap   total 220160K, used 126391K [0x0000000080000000, 0x0000000100000000)
  region size 1024K, 8 young (8192K), 8 survivors (8192K)
 Metaspace       used 98611K, committed 100736K, reserved 1179648K
  class space    used 13407K, committed 14464K, reserved 1048576K
}
Event: 11.494 GC heap before
{Heap before GC invocations=32 (full 0):
 garbage-first heap   total 220160K, used 213431K [0x0000000080000000, 0x0000000100000000)
  region size 1024K, 79 young (80896K), 8 survivors (8192K)
 Metaspace       used 106924K, committed 109184K, reserved 1179648K
  class space    used 14547K, committed 15680K, reserved 1048576K
}
Event: 11.500 GC heap after
{Heap after GC invocations=33 (full 0):
 garbage-first heap   total 231424K, used 147455K [0x0000000080000000, 0x0000000100000000)
  region size 1024K, 10 young (10240K), 10 survivors (10240K)
 Metaspace       used 106924K, committed 109184K, reserved 1179648K
  class space    used 14547K, committed 15680K, reserved 1048576K
}
Event: 11.572 GC heap before
{Heap before GC invocations=33 (full 0):
 garbage-first heap   total 231424K, used 155647K [0x0000000080000000, 0x0000000100000000)
  region size 1024K, 20 young (20480K), 10 survivors (10240K)
 Metaspace       used 107511K, committed 109760K, reserved 1179648K
  class space    used 14602K, committed 15744K, reserved 1048576K
}
Event: 11.576 GC heap after
{Heap after GC invocations=34 (full 0):
 garbage-first heap   total 231424K, used 149188K [0x0000000080000000, 0x0000000100000000)
  region size 1024K, 2 young (2048K), 2 survivors (2048K)
 Metaspace       used 107511K, committed 109760K, reserved 1179648K
  class space    used 14602K, committed 15744K, reserved 1048576K
}
Event: 12.181 GC heap before
{Heap before GC invocations=35 (full 0):
 garbage-first heap   total 254976K, used 211652K [0x0000000080000000, 0x0000000100000000)
  region size 1024K, 62 young (63488K), 2 survivors (2048K)
 Metaspace       used 114654K, committed 116928K, reserved 1179648K
  class space    used 15513K, committed 16640K, reserved 1048576K
}
Event: 12.184 GC heap after
{Heap after GC invocations=36 (full 0):
 garbage-first heap   total 254976K, used 150743K [0x0000000080000000, 0x0000000100000000)
  region size 1024K, 4 young (4096K), 4 survivors (4096K)
 Metaspace       used 114654K, committed 116928K, reserved 1179648K
  class space    used 15513K, committed 16640K, reserved 1048576K
}
Event: 12.962 GC heap before
{Heap before GC invocations=36 (full 0):
 garbage-first heap   total 254976K, used 235735K [0x0000000080000000, 0x0000000100000000)
  region size 1024K, 83 young (84992K), 4 survivors (4096K)
 Metaspace       used 119780K, committed 122048K, reserved 1179648K
  class space    used 16013K, committed 17152K, reserved 1048576K
}
Event: 12.966 GC heap after
{Heap after GC invocations=37 (full 0):
 garbage-first heap   total 254976K, used 158136K [0x0000000080000000, 0x0000000100000000)
  region size 1024K, 11 young (11264K), 11 survivors (11264K)
 Metaspace       used 119780K, committed 122048K, reserved 1179648K
  class space    used 16013K, committed 17152K, reserved 1048576K
}
Event: 13.282 GC heap before
{Heap before GC invocations=37 (full 0):
 garbage-first heap   total 254976K, used 228792K [0x0000000080000000, 0x0000000100000000)
  region size 1024K, 81 young (82944K), 11 survivors (11264K)
 Metaspace       used 120143K, committed 122432K, reserved 1179648K
  class space    used 16061K, committed 17216K, reserved 1048576K
}
Event: 13.286 GC heap after
{Heap after GC invocations=38 (full 0):
 garbage-first heap   total 254976K, used 160609K [0x0000000080000000, 0x0000000100000000)
  region size 1024K, 5 young (5120K), 5 survivors (5120K)
 Metaspace       used 120143K, committed 122432K, reserved 1179648K
  class space    used 16061K, committed 17216K, reserved 1048576K
}

