# JRE version: OpenJDK Runtime Environment (21.0.6) (build 21.0.6+-13368085-b895.109)
# Java VM: OpenJDK 64-Bit Server VM (21.0.6+-13368085-b895.109, mixed mode, tiered, compressed oops, compressed class ptrs, g1 gc, windows-amd64)
GC Precious Log:
 CardTable entry size: 512
 Card Set container configuration: InlinePtr #cards 5 size 8 Array Of Cards #cards 12 size 40 Howl #buckets 4 coarsen threshold 1843 Howl Bitmap #cards 512 size 80 coarsen threshold 460 Card regions per heap region 1 cards per card region 2048
 CPUs: 20 total, 20 available
 Memory: 16108M
 Large Page Support: Disabled
 NUMA Support: Disabled
 Compressed Oops: Enabled (32-bit)
 Heap Region Size: 1M
 Heap Min Capacity: 8M
 Heap Initial Capacity: 252M
 Heap Max Capacity: 2G
 Pre-touch: Disabled
 Parallel Workers: 15
 Concurrent Workers: 4
 Concurrent Refinement Workers: 15
 Periodic GC: Disabled
Heap:
 garbage-first heap   total 201728K, used 137222K [0x0000000080000000, 0x0000000100000000)
  region size 1024K, 21 young (21504K), 4 survivors (4096K)
 Metaspace       used 92597K, committed 94720K, reserved 1179648K
  class space    used 12571K, committed 13632K, reserved 1048576K
GC Heap History (20 events):
Event: 5.135 GC heap before
{Heap before GC invocations=14 (full 0):
 garbage-first heap   total 159744K, used 137322K [0x0000000080000000, 0x0000000100000000)
  region size 1024K, 67 young (68608K), 8 survivors (8192K)
 Metaspace       used 63946K, committed 65664K, reserved 1114112K
  class space    used 8644K, committed 9472K, reserved 1048576K
}
Event: 5.151 GC heap after
{Heap after GC invocations=15 (full 0):
 garbage-first heap   total 159744K, used 81533K [0x0000000080000000, 0x0000000100000000)
  region size 1024K, 6 young (6144K), 6 survivors (6144K)
 Metaspace       used 63946K, committed 65664K, reserved 1114112K
  class space    used 8644K, committed 9472K, reserved 1048576K
}
Event: 6.936 GC heap before
{Heap before GC invocations=15 (full 0):
 garbage-first heap   total 159744K, used 139901K [0x0000000080000000, 0x0000000100000000)
  region size 1024K, 64 young (65536K), 6 survivors (6144K)
 Metaspace       used 68937K, committed 70720K, reserved 1114112K
  class space    used 9363K, committed 10240K, reserved 1048576K
}
Event: 6.949 GC heap after
{Heap after GC invocations=16 (full 0):
 garbage-first heap   total 159744K, used 87834K [0x0000000080000000, 0x0000000100000000)
  region size 1024K, 7 young (7168K), 7 survivors (7168K)
 Metaspace       used 68937K, committed 70720K, reserved 1114112K
  class space    used 9363K, committed 10240K, reserved 1048576K
}
Event: 7.516 GC heap before
{Heap before GC invocations=16 (full 0):
 garbage-first heap   total 159744K, used 141082K [0x0000000080000000, 0x0000000100000000)
  region size 1024K, 60 young (61440K), 7 survivors (7168K)
 Metaspace       used 69357K, committed 71168K, reserved 1114112K
  class space    used 9364K, committed 10240K, reserved 1048576K
}
Event: 7.522 GC heap after
{Heap after GC invocations=17 (full 0):
 garbage-first heap   total 159744K, used 90426K [0x0000000080000000, 0x0000000100000000)
  region size 1024K, 5 young (5120K), 5 survivors (5120K)
 Metaspace       used 69357K, committed 71168K, reserved 1114112K
  class space    used 9364K, committed 10240K, reserved 1048576K
}
Event: 8.108 GC heap before
{Heap before GC invocations=18 (full 0):
 garbage-first heap   total 159744K, used 141626K [0x0000000080000000, 0x0000000100000000)
  region size 1024K, 56 young (57344K), 5 survivors (5120K)
 Metaspace       used 69367K, committed 71168K, reserved 1114112K
  class space    used 9364K, committed 10240K, reserved 1048576K
}
Event: 8.113 GC heap after
{Heap after GC invocations=19 (full 0):
 garbage-first heap   total 196608K, used 91307K [0x0000000080000000, 0x0000000100000000)
  region size 1024K, 4 young (4096K), 4 survivors (4096K)
 Metaspace       used 69367K, committed 71168K, reserved 1114112K
  class space    used 9364K, committed 10240K, reserved 1048576K
}
Event: 9.649 GC heap before
{Heap before GC invocations=19 (full 0):
 garbage-first heap   total 196608K, used 179371K [0x0000000080000000, 0x0000000100000000)
  region size 1024K, 84 young (86016K), 4 survivors (4096K)
 Metaspace       used 71204K, committed 73088K, reserved 1114112K
  class space    used 9580K, committed 10496K, reserved 1048576K
}
Event: 9.656 GC heap after
{Heap after GC invocations=20 (full 0):
 garbage-first heap   total 196608K, used 103774K [0x0000000080000000, 0x0000000100000000)
  region size 1024K, 11 young (11264K), 11 survivors (11264K)
 Metaspace       used 71204K, committed 73088K, reserved 1114112K
  class space    used 9580K, committed 10496K, reserved 1048576K
}
Event: 11.166 GC heap before
{Heap before GC invocations=20 (full 0):
 garbage-first heap   total 196608K, used 171358K [0x0000000080000000, 0x0000000100000000)
  region size 1024K, 78 young (79872K), 11 survivors (11264K)
 Metaspace       used 78757K, committed 80704K, reserved 1179648K
  class space    used 10548K, committed 11520K, reserved 1048576K
}
Event: 11.174 GC heap after
{Heap after GC invocations=21 (full 0):
 garbage-first heap   total 196608K, used 107642K [0x0000000080000000, 0x0000000100000000)
  region size 1024K, 5 young (5120K), 5 survivors (5120K)
 Metaspace       used 78757K, committed 80704K, reserved 1179648K
  class space    used 10548K, committed 11520K, reserved 1048576K
}
Event: 12.439 GC heap before
{Heap before GC invocations=22 (full 0):
 garbage-first heap   total 196608K, used 180346K [0x0000000080000000, 0x0000000100000000)
  region size 1024K, 71 young (72704K), 5 survivors (5120K)
 Metaspace       used 83089K, committed 85056K, reserved 1179648K
  class space    used 11104K, committed 12096K, reserved 1048576K
}
Event: 12.449 GC heap after
{Heap after GC invocations=23 (full 0):
 garbage-first heap   total 196608K, used 113096K [0x0000000080000000, 0x0000000100000000)
  region size 1024K, 9 young (9216K), 9 survivors (9216K)
 Metaspace       used 83089K, committed 85056K, reserved 1179648K
  class space    used 11104K, committed 12096K, reserved 1048576K
}
Event: 13.475 GC heap before
{Heap before GC invocations=23 (full 0):
 garbage-first heap   total 196608K, used 175560K [0x0000000080000000, 0x0000000100000000)
  region size 1024K, 70 young (71680K), 9 survivors (9216K)
 Metaspace       used 84818K, committed 86848K, reserved 1179648K
  class space    used 11341K, committed 12352K, reserved 1048576K
}
Event: 13.487 GC heap after
{Heap after GC invocations=24 (full 0):
 garbage-first heap   total 196608K, used 117556K [0x0000000080000000, 0x0000000100000000)
  region size 1024K, 6 young (6144K), 6 survivors (6144K)
 Metaspace       used 84818K, committed 86848K, reserved 1179648K
  class space    used 11341K, committed 12352K, reserved 1048576K
}
Event: 13.900 GC heap before
{Heap before GC invocations=24 (full 0):
 garbage-first heap   total 196608K, used 138036K [0x0000000080000000, 0x0000000100000000)
  region size 1024K, 27 young (27648K), 6 survivors (6144K)
 Metaspace       used 86372K, committed 88448K, reserved 1179648K
  class space    used 11565K, committed 12608K, reserved 1048576K
}
Event: 13.906 GC heap after
{Heap after GC invocations=25 (full 0):
 garbage-first heap   total 196608K, used 119186K [0x0000000080000000, 0x0000000100000000)
  region size 1024K, 2 young (2048K), 2 survivors (2048K)
 Metaspace       used 86372K, committed 88448K, reserved 1179648K
  class space    used 11565K, committed 12608K, reserved 1048576K
}
Event: 15.407 GC heap before
{Heap before GC invocations=26 (full 0):
 garbage-first heap   total 201728K, used 181650K [0x0000000080000000, 0x0000000100000000)
  region size 1024K, 62 young (63488K), 2 survivors (2048K)
 Metaspace       used 91183K, committed 93248K, reserved 1179648K
  class space    used 12377K, committed 13440K, reserved 1048576K
}
Event: 15.413 GC heap after
{Heap after GC invocations=27 (full 0):
 garbage-first heap   total 201728K, used 120838K [0x0000000080000000, 0x0000000100000000)
  region size 1024K, 4 young (4096K), 4 survivors (4096K)
 Metaspace       used 91183K, committed 93248K, reserved 1179648K
  class space    used 12377K, committed 13440K, reserved 1048576K
}

