# JRE version: OpenJDK Runtime Environment (21.0.6) (build 21.0.6+-13368085-b895.109)
# Java VM: OpenJDK 64-Bit Server VM (21.0.6+-13368085-b895.109, mixed mode, tiered, compressed oops, compressed class ptrs, g1 gc, windows-amd64)
GC Precious Log:
 CardTable entry size: 512
 Card Set container configuration: InlinePtr #cards 5 size 8 Array Of Cards #cards 12 size 40 Howl #buckets 4 coarsen threshold 1843 Howl Bitmap #cards 512 size 80 coarsen threshold 460 Card regions per heap region 1 cards per card region 2048
 CPUs: 20 total, 20 available
 Memory: 16108M
 Large Page Support: Disabled
 NUMA Support: Disabled
 Compressed Oops: Enabled (32-bit)
 Heap Region Size: 1M
 Heap Min Capacity: 8M
 Heap Initial Capacity: 252M
 Heap Max Capacity: 2G
 Pre-touch: Disabled
 Parallel Workers: 15
 Concurrent Workers: 4
 Concurrent Refinement Workers: 15
 Periodic GC: Disabled
Heap:
 garbage-first heap   total 285696K, used 219938K [0x0000000080000000, 0x0000000100000000)
  region size 1024K, 68 young (69632K), 3 survivors (3072K)
 Metaspace       used 160645K, committed 161920K, reserved 1245184K
  class space    used 21560K, committed 22208K, reserved 1048576K
GC Heap History (20 events):
Event: 2848.636 GC heap before
{Heap before GC invocations=49 (full 0):
 garbage-first heap   total 250880K, used 180870K [0x0000000080000000, 0x0000000100000000)
  region size 1024K, 43 young (44032K), 6 survivors (6144K)
 Metaspace       used 128141K, committed 129280K, reserved 1179648K
  class space    used 16647K, committed 17216K, reserved 1048576K
}
Event: 2848.644 GC heap after
{Heap after GC invocations=50 (full 0):
 garbage-first heap   total 250880K, used 152223K [0x0000000080000000, 0x0000000100000000)
  region size 1024K, 10 young (10240K), 10 survivors (10240K)
 Metaspace       used 128141K, committed 129280K, reserved 1179648K
  class space    used 16647K, committed 17216K, reserved 1048576K
}
Event: 2852.072 GC heap before
{Heap before GC invocations=51 (full 0):
 garbage-first heap   total 258048K, used 223903K [0x0000000080000000, 0x0000000100000000)
  region size 1024K, 74 young (75776K), 10 survivors (10240K)
 Metaspace       used 134142K, committed 135360K, reserved 1179648K
  class space    used 17385K, committed 17984K, reserved 1048576K
}
Event: 2852.082 GC heap after
{Heap after GC invocations=52 (full 0):
 garbage-first heap   total 258048K, used 170404K [0x0000000080000000, 0x0000000100000000)
  region size 1024K, 10 young (10240K), 10 survivors (10240K)
 Metaspace       used 134142K, committed 135360K, reserved 1179648K
  class space    used 17385K, committed 17984K, reserved 1048576K
}
Event: 2853.923 GC heap before
{Heap before GC invocations=52 (full 0):
 garbage-first heap   total 258048K, used 229796K [0x0000000080000000, 0x0000000100000000)
  region size 1024K, 65 young (66560K), 10 survivors (10240K)
 Metaspace       used 137436K, committed 138688K, reserved 1179648K
  class space    used 17805K, committed 18432K, reserved 1048576K
}
Event: 2853.929 GC heap after
{Heap after GC invocations=53 (full 0):
 garbage-first heap   total 258048K, used 153364K [0x0000000080000000, 0x0000000100000000)
  region size 1024K, 7 young (7168K), 7 survivors (7168K)
 Metaspace       used 137436K, committed 138688K, reserved 1179648K
  class space    used 17805K, committed 18432K, reserved 1048576K
}
Event: 2855.038 GC heap before
{Heap before GC invocations=53 (full 0):
 garbage-first heap   total 258048K, used 221972K [0x0000000080000000, 0x0000000100000000)
  region size 1024K, 75 young (76800K), 7 survivors (7168K)
 Metaspace       used 141912K, committed 143168K, reserved 1179648K
  class space    used 18475K, committed 19072K, reserved 1048576K
}
Event: 2855.046 GC heap after
{Heap after GC invocations=54 (full 0):
 garbage-first heap   total 258048K, used 162114K [0x0000000080000000, 0x0000000100000000)
  region size 1024K, 10 young (10240K), 10 survivors (10240K)
 Metaspace       used 141912K, committed 143168K, reserved 1179648K
  class space    used 18475K, committed 19072K, reserved 1048576K
}
Event: 2856.056 GC heap before
{Heap before GC invocations=54 (full 0):
 garbage-first heap   total 258048K, used 222530K [0x0000000080000000, 0x0000000100000000)
  region size 1024K, 70 young (71680K), 10 survivors (10240K)
 Metaspace       used 148785K, committed 150080K, reserved 1179648K
  class space    used 19700K, committed 20352K, reserved 1048576K
}
Event: 2856.062 GC heap after
{Heap after GC invocations=55 (full 0):
 garbage-first heap   total 258048K, used 170171K [0x0000000080000000, 0x0000000100000000)
  region size 1024K, 7 young (7168K), 7 survivors (7168K)
 Metaspace       used 148785K, committed 150080K, reserved 1179648K
  class space    used 19700K, committed 20352K, reserved 1048576K
}
Event: 2856.767 GC heap before
{Heap before GC invocations=56 (full 0):
 garbage-first heap   total 285696K, used 227515K [0x0000000080000000, 0x0000000100000000)
  region size 1024K, 64 young (65536K), 7 survivors (7168K)
 Metaspace       used 153526K, committed 154816K, reserved 1245184K
  class space    used 20422K, committed 21056K, reserved 1048576K
}
Event: 2856.778 GC heap after
{Heap after GC invocations=57 (full 0):
 garbage-first heap   total 285696K, used 174288K [0x0000000080000000, 0x0000000100000000)
  region size 1024K, 5 young (5120K), 5 survivors (5120K)
 Metaspace       used 153526K, committed 154816K, reserved 1245184K
  class space    used 20422K, committed 21056K, reserved 1048576K
}
Event: 2857.795 GC heap before
{Heap before GC invocations=57 (full 0):
 garbage-first heap   total 285696K, used 252112K [0x0000000080000000, 0x0000000100000000)
  region size 1024K, 79 young (80896K), 5 survivors (5120K)
 Metaspace       used 156298K, committed 157568K, reserved 1245184K
  class space    used 20820K, committed 21440K, reserved 1048576K
}
Event: 2857.805 GC heap after
{Heap after GC invocations=58 (full 0):
 garbage-first heap   total 285696K, used 163585K [0x0000000080000000, 0x0000000100000000)
  region size 1024K, 7 young (7168K), 7 survivors (7168K)
 Metaspace       used 156298K, committed 157568K, reserved 1245184K
  class space    used 20820K, committed 21440K, reserved 1048576K
}
Event: 2859.470 GC heap before
{Heap before GC invocations=58 (full 0):
 garbage-first heap   total 285696K, used 256769K [0x0000000080000000, 0x0000000100000000)
  region size 1024K, 95 young (97280K), 7 survivors (7168K)
 Metaspace       used 159394K, committed 160704K, reserved 1245184K
  class space    used 21408K, committed 22080K, reserved 1048576K
}
Event: 2859.478 GC heap after
{Heap after GC invocations=59 (full 0):
 garbage-first heap   total 285696K, used 159214K [0x0000000080000000, 0x0000000100000000)
  region size 1024K, 5 young (5120K), 5 survivors (5120K)
 Metaspace       used 159394K, committed 160704K, reserved 1245184K
  class space    used 21408K, committed 22080K, reserved 1048576K
}
Event: 2859.732 GC heap before
{Heap before GC invocations=59 (full 0):
 garbage-first heap   total 285696K, used 164334K [0x0000000080000000, 0x0000000100000000)
  region size 1024K, 12 young (12288K), 5 survivors (5120K)
 Metaspace       used 159945K, committed 161216K, reserved 1245184K
  class space    used 21490K, committed 22144K, reserved 1048576K
}
Event: 2859.738 GC heap after
{Heap after GC invocations=60 (full 0):
 garbage-first heap   total 285696K, used 159585K [0x0000000080000000, 0x0000000100000000)
  region size 1024K, 5 young (5120K), 5 survivors (5120K)
 Metaspace       used 159945K, committed 161216K, reserved 1245184K
  class space    used 21490K, committed 22144K, reserved 1048576K
}
Event: 6814.832 GC heap before
{Heap before GC invocations=61 (full 0):
 garbage-first heap   total 285696K, used 280417K [0x0000000080000000, 0x0000000100000000)
  region size 1024K, 108 young (110592K), 5 survivors (5120K)
 Metaspace       used 160395K, committed 161728K, reserved 1245184K
  class space    used 21556K, committed 22208K, reserved 1048576K
}
Event: 6814.941 GC heap after
{Heap after GC invocations=62 (full 0):
 garbage-first heap   total 285696K, used 154402K [0x0000000080000000, 0x0000000100000000)
  region size 1024K, 3 young (3072K), 3 survivors (3072K)
 Metaspace       used 160395K, committed 161728K, reserved 1245184K
  class space    used 21556K, committed 22208K, reserved 1048576K
}

